Arguments: 
  /home/aljefri/.nvm/versions/node/v10.15.0/bin/node /usr/share/yarn/bin/yarn.js add react-native --peer

PATH: 
  /home/aljefri/.rvm/gems/ruby-2.5.0/bin:/home/aljefri/.rvm/gems/ruby-2.5.0@global/bin:/home/aljefri/.rvm/rubies/ruby-2.5.0/bin:/home/aljefri/.nvm/versions/node/v10.15.0/bin:/home/aljefri/bin:/home/aljefri/.local/bin:/usr/local/sbin:/usr/local/bin:/usr/sbin:/usr/bin:/sbin:/bin:/usr/games:/usr/local/games:/snap/bin:/home/aljefri/.dotnet/tools:/usr/lib/jvm/java-8-oracle/bin:/usr/lib/jvm/java-8-oracle/db/bin:/usr/lib/jvm/java-8-oracle/jre/bin:/home/aljefri/.rvm/bin:/home/aljefri/.rvm/bin:/home/aljefri/Android/Sdk/tools:/home/aljefri/Android/Sdk/platform-tools

Yarn version: 
  1.6.0

Node version: 
  10.15.0

Platform: 
  linux x64

Trace: 
  Error: https://registry.yarnpkg.com/react-native/-/react-native-0.59.8.tgz: ESOCKETTIMEDOUT
      at ClientRequest.<anonymous> (/usr/share/yarn/lib/cli.js:133786:19)
      at Object.onceWrapper (events.js:273:13)
      at ClientRequest.emit (events.js:182:13)
      at TLSSocket.emitRequestTimeout (_http_client.js:662:40)
      at Object.onceWrapper (events.js:273:13)
      at TLSSocket.emit (events.js:182:13)
      at TLSSocket.Socket._onTimeout (net.js:453:8)
      at ontimeout (timers.js:436:11)
      at tryOnTimeout (timers.js:300:5)
      at listOnTimeout (timers.js:263:5)

npm manifest: 
  {
    "name": "react-native-list-gallery",
    "version": "1.0.0",
    "description": "react native list gallery enhanced scrollView library to make cusomized animated gallery slide for applications",
    "main": "index.js",
    "scripts": {
      "test": "echo \"Error: no test specified\" && exit 1"
    },
    "repository": {
      "type": "git",
      "url": "git+https://github.com/mhmdAljefri/react-native-list-gallery.git"
    },
    "keywords": [
      "react-native",
      "list-gallery",
      "images-gallery"
    ],
    "author": "Mohammad Aljefri",
    "license": "MIT",
    "bugs": {
      "url": "https://github.com/mhmdAljefri/react-native-list-gallery/issues"
    },
    "homepage": "https://github.com/mhmdAljefri/react-native-list-gallery#readme",
    "peerDependencies": {
      "react": "^16.8.6"
    }
  }

yarn manifest: 
  No manifest

Lockfile: 
  # THIS IS AN AUTOGENERATED FILE. DO NOT EDIT THIS FILE DIRECTLY.
  # yarn lockfile v1
